[0.108s] Invoking command in '/home/srooney/Documents/rbe500/hw1/build/examples_rclcpp_minimal_publisher': CMAKE_PREFIX_PATH=/opt/ros/humble /usr/bin/cmake /home/srooney/Documents/rbe500/hw1/src/examples/rclcpp/topics/minimal_publisher -DAMENT_CMAKE_SYMLINK_INSTALL=1 -DCMAKE_INSTALL_PREFIX=/home/srooney/Documents/rbe500/hw1/install/examples_rclcpp_minimal_publisher
[1.904s] -- The C compiler identification is GNU 11.4.0
[1.905s] -- The CXX compiler identification is GNU 11.4.0
[1.905s] -- Detecting C compiler ABI info
[1.905s] -- Detecting C compiler ABI info - done
[1.905s] -- Check for working C compiler: /usr/bin/cc - skipped
[1.905s] -- Detecting C compile features
[1.907s] -- Detecting C compile features - done
[1.908s] -- Detecting CXX compiler ABI info
[1.909s] -- Detecting CXX compiler ABI info - done
[1.909s] -- Check for working CXX compiler: /usr/bin/c++ - skipped
[1.911s] -- Detecting CXX compile features
[1.911s] -- Detecting CXX compile features - done
[1.911s] -- Found ament_cmake: 1.3.5 (/opt/ros/humble/share/ament_cmake/cmake)
[1.911s] -- Found Python3: /usr/bin/python3.10 (found version "3.10.12") found components: Interpreter 
[1.912s] -- Override CMake install command with custom implementation using symlinks instead of copying resources
[1.912s] -- Found rclcpp: 16.0.5 (/opt/ros/humble/share/rclcpp/cmake)
[1.912s] -- Found rosidl_generator_c: 3.1.5 (/opt/ros/humble/share/rosidl_generator_c/cmake)
[1.912s] -- Found rosidl_adapter: 3.1.5 (/opt/ros/humble/share/rosidl_adapter/cmake)
[1.912s] -- Found rosidl_generator_cpp: 3.1.5 (/opt/ros/humble/share/rosidl_generator_cpp/cmake)
[1.912s] -- Using all available rosidl_typesupport_c: rosidl_typesupport_fastrtps_c;rosidl_typesupport_introspection_c
[1.912s] -- Using all available rosidl_typesupport_cpp: rosidl_typesupport_fastrtps_cpp;rosidl_typesupport_introspection_cpp
[1.912s] -- Found rmw_implementation_cmake: 6.1.1 (/opt/ros/humble/share/rmw_implementation_cmake/cmake)
[1.912s] -- Found rmw_fastrtps_cpp: 6.2.3 (/opt/ros/humble/share/rmw_fastrtps_cpp/cmake)
[1.913s] -- Found OpenSSL: /usr/lib/x86_64-linux-gnu/libcrypto.so (found version "3.0.2")  
[1.913s] -- Found FastRTPS: /opt/ros/humble/include  
[1.913s] -- Using RMW implementation 'rmw_fastrtps_cpp' as default
[1.913s] -- Looking for pthread.h
[1.913s] -- Looking for pthread.h - found
[1.913s] -- Performing Test CMAKE_HAVE_LIBC_PTHREAD
[1.936s] -- Performing Test CMAKE_HAVE_LIBC_PTHREAD - Success
[1.936s] -- Found Threads: TRUE  
[2.276s] -- Found ament_lint_auto: 0.12.7 (/opt/ros/humble/share/ament_lint_auto/cmake)
[2.451s] -- Added test 'copyright' to check source files copyright and LICENSE
[2.452s] -- Added test 'cppcheck' to perform static code analysis on C / C++ code
[2.452s] -- Configured cppcheck include dirs: 
[2.452s] -- Configured cppcheck exclude dirs and/or files: 
[2.452s] -- Added test 'cpplint' to check C / C++ code against the Google style
[2.452s] -- Configured cpplint exclude dirs and/or files: 
[2.454s] -- Added test 'lint_cmake' to check CMake code style
[2.454s] -- Added test 'uncrustify' to check C / C++ code style
[2.454s] -- Configured uncrustify additional arguments: 
[2.454s] -- Added test 'xmllint' to check XML markup files
[2.454s] -- Configuring done
[2.496s] -- Generating done
[2.502s] -- Build files have been written to: /home/srooney/Documents/rbe500/hw1/build/examples_rclcpp_minimal_publisher
[2.529s] Invoked command in '/home/srooney/Documents/rbe500/hw1/build/examples_rclcpp_minimal_publisher' returned '0': CMAKE_PREFIX_PATH=/opt/ros/humble /usr/bin/cmake /home/srooney/Documents/rbe500/hw1/src/examples/rclcpp/topics/minimal_publisher -DAMENT_CMAKE_SYMLINK_INSTALL=1 -DCMAKE_INSTALL_PREFIX=/home/srooney/Documents/rbe500/hw1/install/examples_rclcpp_minimal_publisher
[2.533s] Invoking command in '/home/srooney/Documents/rbe500/hw1/build/examples_rclcpp_minimal_publisher': CMAKE_PREFIX_PATH=/opt/ros/humble /usr/bin/cmake --build /home/srooney/Documents/rbe500/hw1/build/examples_rclcpp_minimal_publisher -- -j16 -l16
[2.742s] [  8%] [32mBuilding CXX object CMakeFiles/publisher_member_function.dir/member_function.cpp.o[0m
[2.762s] [ 16%] [32mBuilding CXX object CMakeFiles/publisher_member_function_with_type_adapter.dir/member_function_with_type_adapter.cpp.o[0m
[2.762s] [ 25%] [32mBuilding CXX object CMakeFiles/publisher_lambda.dir/lambda.cpp.o[0m
[2.797s] [ 33%] [32mBuilding CXX object CMakeFiles/publisher_member_function_with_unique_network_flow_endpoints.dir/member_function_with_unique_network_flow_endpoints.cpp.o[0m
[2.806s] [ 41%] [32mBuilding CXX object CMakeFiles/publisher_wait_for_all_acked.dir/member_function_with_wait_for_all_acked.cpp.o[0m
[2.841s] [ 50%] [32mBuilding CXX object CMakeFiles/publisher_not_composable.dir/not_composable.cpp.o[0m
[42.853s] [01m[Kc++:[m[K [01;31m[Kfatal error: [m[KKilled signal terminated program cc1plus
[42.857s] compilation terminated.
[42.857s] gmake[2]: *** [CMakeFiles/publisher_not_composable.dir/build.make:76: CMakeFiles/publisher_not_composable.dir/not_composable.cpp.o] Error 1
[42.857s] gmake[1]: *** [CMakeFiles/Makefile2:277: CMakeFiles/publisher_not_composable.dir/all] Error 2
[42.857s] gmake[1]: *** Waiting for unfinished jobs....
