<?xml version="1.0" encoding="utf-8"?><testsuites><testsuite name="pytest" errors="0" failures="0" skipped="0" tests="3" time="0.983" timestamp="2023-09-15T23:17:07.527539" hostname="srooney-lt4"><testcase classname="examples_rclpy_minimal_action_client.actions.minimal_action_client.test.test_copyright" name="test_copyright" time="0.413" /><testcase classname="examples_rclpy_minimal_action_client.actions.minimal_action_client.test.test_flake8" name="test_flake8" time="0.246" /><testcase classname="examples_rclpy_minimal_action_client.actions.minimal_action_client.test.test_pep257" name="test_pep257" time="0.082" /></testsuite></testsuites>